  [1m[35m (0.1ms)[0m  [1m[34mSELECT sqlite_version(*)[0m
  [1m[35m (1.6ms)[0m  [1m[35mCREATE TABLE "schema_migrations" ("version" varchar NOT NULL PRIMARY KEY)[0m
  [1m[35m (1.4ms)[0m  [1m[35mCREATE TABLE "ar_internal_metadata" ("key" varchar NOT NULL PRIMARY KEY, "value" varchar, "created_at" datetime NOT NULL, "updated_at" datetime NOT NULL)[0m
  [1m[35m (0.2ms)[0m  [1m[34mSELECT "schema_migrations"."version" FROM "schema_migrations" ORDER BY "schema_migrations"."version" ASC[0m
Migrating to CreateSongs (20200108135036)
  [1m[35m (0.1ms)[0m  [1m[36mbegin transaction[0m
  [1m[35m (0.9ms)[0m  [1m[35mCREATE TABLE "songs" ("id" integer PRIMARY KEY AUTOINCREMENT NOT NULL, "name" varchar, "singer" varchar, "note" varchar, "url" varchar, "file" varchar, "category" varchar, "created_at" datetime NOT NULL, "updated_at" datetime NOT NULL)[0m
  [1m[36mActiveRecord::SchemaMigration Create (0.3ms)[0m  [1m[32mINSERT INTO "schema_migrations" ("version") VALUES (?)[0m  [["version", "20200108135036"]]
  [1m[35m (1.5ms)[0m  [1m[36mcommit transaction[0m
Migrating to CreateCategories (20200109121732)
  [1m[35m (0.1ms)[0m  [1m[36mbegin transaction[0m
  [1m[35m (0.8ms)[0m  [1m[35mCREATE TABLE "categories" ("id" integer PRIMARY KEY AUTOINCREMENT NOT NULL, "name" varchar, "created_at" datetime NOT NULL, "updated_at" datetime NOT NULL)[0m
  [1m[36mActiveRecord::SchemaMigration Create (0.3ms)[0m  [1m[32mINSERT INTO "schema_migrations" ("version") VALUES (?)[0m  [["version", "20200109121732"]]
  [1m[35m (1.3ms)[0m  [1m[36mcommit transaction[0m
  [1m[36mActiveRecord::InternalMetadata Load (0.2ms)[0m  [1m[34mSELECT  "ar_internal_metadata".* FROM "ar_internal_metadata" WHERE "ar_internal_metadata"."key" = ? LIMIT ?[0m  [["key", "environment"], ["LIMIT", 1]]
  [1m[35m (0.1ms)[0m  [1m[36mbegin transaction[0m
  [1m[36mActiveRecord::InternalMetadata Create (0.5ms)[0m  [1m[32mINSERT INTO "ar_internal_metadata" ("key", "value", "created_at", "updated_at") VALUES (?, ?, ?, ?)[0m  [["key", "environment"], ["value", "development"], ["created_at", "2020-01-28 21:20:25.347809"], ["updated_at", "2020-01-28 21:20:25.347809"]]
  [1m[35m (1.1ms)[0m  [1m[36mcommit transaction[0m
  [1m[35m (0.1ms)[0m  [1m[34mSELECT "schema_migrations"."version" FROM "schema_migrations" ORDER BY "schema_migrations"."version" ASC[0m
Started GET "/" for ::1 at 2020-01-29 06:20:48 +0900
Processing by MusicController#index as HTML
  [1m[36mSong Load (1.4ms)[0m  [1m[34mSELECT  "songs".* FROM "songs" LIMIT ?[0m  [["LIMIT", 11]]
#<ActiveRecord::Relation []>
  Rendering music/index.html.slim within layouts/application
  [1m[36mSong Load (0.3ms)[0m  [1m[34mSELECT "songs".* FROM "songs"[0m
  Rendered music/index.html.slim within layouts/application (16.0ms)
Completed 200 OK in 688ms (Views: 601.3ms | ActiveRecord: 2.5ms)


Started GET "/assets/application-f0d704deea029cf000697e2c0181ec173a1b474645466ed843eb5ee7bb215794.css" for ::1 at 2020-01-29 06:20:49 +0900
Started GET "/assets/application-606071e63663828cab176c95ba21a3ac7829ef0ed117bdd2ab7bdbcb1c510a7f.js" for ::1 at 2020-01-29 06:20:49 +0900
Started GET "/" for ::1 at 2020-01-29 06:20:54 +0900
Processing by MusicController#index as HTML
  [1m[36mSong Load (0.3ms)[0m  [1m[34mSELECT  "songs".* FROM "songs" LIMIT ?[0m  [["LIMIT", 11]]
#<ActiveRecord::Relation []>
  Rendering music/index.html.slim within layouts/application
  [1m[36mSong Load (0.1ms)[0m  [1m[34mSELECT "songs".* FROM "songs"[0m
  Rendered music/index.html.slim within layouts/application (10.3ms)
Completed 200 OK in 38ms (Views: 31.6ms | ActiveRecord: 0.4ms)


Started GET "/new" for ::1 at 2020-01-29 06:20:57 +0900
  
ActionController::RoutingError (No route matches [GET] "/new"):
  
actionpack (5.2.4.1) lib/action_dispatch/middleware/debug_exceptions.rb:65:in `call'
web-console (3.7.0) lib/web_console/middleware.rb:135:in `call_app'
web-console (3.7.0) lib/web_console/middleware.rb:30:in `block in call'
web-console (3.7.0) lib/web_console/middleware.rb:20:in `catch'
web-console (3.7.0) lib/web_console/middleware.rb:20:in `call'
actionpack (5.2.4.1) lib/action_dispatch/middleware/show_exceptions.rb:33:in `call'
railties (5.2.4.1) lib/rails/rack/logger.rb:38:in `call_app'
railties (5.2.4.1) lib/rails/rack/logger.rb:26:in `block in call'
activesupport (5.2.4.1) lib/active_support/tagged_logging.rb:71:in `block in tagged'
activesupport (5.2.4.1) lib/active_support/tagged_logging.rb:28:in `tagged'
activesupport (5.2.4.1) lib/active_support/tagged_logging.rb:71:in `tagged'
railties (5.2.4.1) lib/rails/rack/logger.rb:26:in `call'
actionpack (5.2.4.1) lib/action_dispatch/middleware/remote_ip.rb:81:in `call'
actionpack (5.2.4.1) lib/action_dispatch/middleware/request_id.rb:27:in `call'
rack (2.1.2) lib/rack/method_override.rb:24:in `call'
rack (2.1.2) lib/rack/runtime.rb:24:in `call'
activesupport (5.2.4.1) lib/active_support/cache/strategy/local_cache_middleware.rb:29:in `call'
actionpack (5.2.4.1) lib/action_dispatch/middleware/executor.rb:14:in `call'
actionpack (5.2.4.1) lib/action_dispatch/middleware/static.rb:127:in `call'
rack (2.1.2) lib/rack/sendfile.rb:113:in `call'
railties (5.2.4.1) lib/rails/engine.rb:524:in `call'
puma (3.12.2) lib/puma/configuration.rb:227:in `call'
puma (3.12.2) lib/puma/server.rb:674:in `handle_request'
puma (3.12.2) lib/puma/server.rb:476:in `process_client'
puma (3.12.2) lib/puma/server.rb:334:in `block in run'
puma (3.12.2) lib/puma/thread_pool.rb:135:in `block in spawn_thread'
Started GET "/music/new" for ::1 at 2020-01-29 06:21:06 +0900
Processing by MusicController#new as HTML
  Rendering music/new.html.slim within layouts/application
  Rendered music/new.html.slim within layouts/application (36.7ms)
Completed 200 OK in 64ms (Views: 48.8ms | ActiveRecord: 0.6ms)


Started GET "/" for ::1 at 2020-01-29 07:15:17 +0900
Processing by MusicController#index as HTML
  [1m[36mSong Load (1.8ms)[0m  [1m[34mSELECT  "songs".* FROM "songs" LIMIT ?[0m  [["LIMIT", 11]]
#<ActiveRecord::Relation []>
  Rendering music/index.html.slim within layouts/application
  [1m[36mSong Load (0.3ms)[0m  [1m[34mSELECT "songs".* FROM "songs"[0m
  Rendered music/index.html.slim within layouts/application (22.3ms)
Completed 200 OK in 403ms (Views: 328.0ms | ActiveRecord: 5.4ms)


Started GET "/" for ::1 at 2020-01-29 07:15:56 +0900
Processing by MusicController#index as HTML
  [1m[36mSong Load (0.2ms)[0m  [1m[34mSELECT  "songs".* FROM "songs" LIMIT ?[0m  [["LIMIT", 11]]
#<ActiveRecord::Relation []>
  Rendering music/index.html.slim within layouts/application
  [1m[36mSong Load (0.2ms)[0m  [1m[34mSELECT "songs".* FROM "songs"[0m
  Rendered music/index.html.slim within layouts/application (8.2ms)
Completed 200 OK in 27ms (Views: 22.6ms | ActiveRecord: 0.3ms)


Started GET "/audio" for ::1 at 2020-01-29 07:16:00 +0900
  
ActionController::RoutingError (No route matches [GET] "/audio"):
  
actionpack (5.2.4.1) lib/action_dispatch/middleware/debug_exceptions.rb:65:in `call'
web-console (3.7.0) lib/web_console/middleware.rb:135:in `call_app'
web-console (3.7.0) lib/web_console/middleware.rb:30:in `block in call'
web-console (3.7.0) lib/web_console/middleware.rb:20:in `catch'
web-console (3.7.0) lib/web_console/middleware.rb:20:in `call'
actionpack (5.2.4.1) lib/action_dispatch/middleware/show_exceptions.rb:33:in `call'
railties (5.2.4.1) lib/rails/rack/logger.rb:38:in `call_app'
railties (5.2.4.1) lib/rails/rack/logger.rb:26:in `block in call'
activesupport (5.2.4.1) lib/active_support/tagged_logging.rb:71:in `block in tagged'
activesupport (5.2.4.1) lib/active_support/tagged_logging.rb:28:in `tagged'
activesupport (5.2.4.1) lib/active_support/tagged_logging.rb:71:in `tagged'
railties (5.2.4.1) lib/rails/rack/logger.rb:26:in `call'
actionpack (5.2.4.1) lib/action_dispatch/middleware/remote_ip.rb:81:in `call'
actionpack (5.2.4.1) lib/action_dispatch/middleware/request_id.rb:27:in `call'
rack (2.1.2) lib/rack/method_override.rb:24:in `call'
rack (2.1.2) lib/rack/runtime.rb:24:in `call'
activesupport (5.2.4.1) lib/active_support/cache/strategy/local_cache_middleware.rb:29:in `call'
actionpack (5.2.4.1) lib/action_dispatch/middleware/executor.rb:14:in `call'
actionpack (5.2.4.1) lib/action_dispatch/middleware/static.rb:127:in `call'
rack (2.1.2) lib/rack/sendfile.rb:113:in `call'
railties (5.2.4.1) lib/rails/engine.rb:524:in `call'
puma (3.12.2) lib/puma/configuration.rb:227:in `call'
puma (3.12.2) lib/puma/server.rb:674:in `handle_request'
puma (3.12.2) lib/puma/server.rb:476:in `process_client'
puma (3.12.2) lib/puma/server.rb:334:in `block in run'
puma (3.12.2) lib/puma/thread_pool.rb:135:in `block in spawn_thread'
Started GET "/audio/new" for ::1 at 2020-01-29 07:16:04 +0900
  
ActionController::RoutingError (No route matches [GET] "/audio/new"):
  
actionpack (5.2.4.1) lib/action_dispatch/middleware/debug_exceptions.rb:65:in `call'
web-console (3.7.0) lib/web_console/middleware.rb:135:in `call_app'
web-console (3.7.0) lib/web_console/middleware.rb:30:in `block in call'
web-console (3.7.0) lib/web_console/middleware.rb:20:in `catch'
web-console (3.7.0) lib/web_console/middleware.rb:20:in `call'
actionpack (5.2.4.1) lib/action_dispatch/middleware/show_exceptions.rb:33:in `call'
railties (5.2.4.1) lib/rails/rack/logger.rb:38:in `call_app'
railties (5.2.4.1) lib/rails/rack/logger.rb:26:in `block in call'
activesupport (5.2.4.1) lib/active_support/tagged_logging.rb:71:in `block in tagged'
activesupport (5.2.4.1) lib/active_support/tagged_logging.rb:28:in `tagged'
activesupport (5.2.4.1) lib/active_support/tagged_logging.rb:71:in `tagged'
railties (5.2.4.1) lib/rails/rack/logger.rb:26:in `call'
actionpack (5.2.4.1) lib/action_dispatch/middleware/remote_ip.rb:81:in `call'
actionpack (5.2.4.1) lib/action_dispatch/middleware/request_id.rb:27:in `call'
rack (2.1.2) lib/rack/method_override.rb:24:in `call'
rack (2.1.2) lib/rack/runtime.rb:24:in `call'
activesupport (5.2.4.1) lib/active_support/cache/strategy/local_cache_middleware.rb:29:in `call'
actionpack (5.2.4.1) lib/action_dispatch/middleware/executor.rb:14:in `call'
actionpack (5.2.4.1) lib/action_dispatch/middleware/static.rb:127:in `call'
rack (2.1.2) lib/rack/sendfile.rb:113:in `call'
railties (5.2.4.1) lib/rails/engine.rb:524:in `call'
puma (3.12.2) lib/puma/configuration.rb:227:in `call'
puma (3.12.2) lib/puma/server.rb:674:in `handle_request'
puma (3.12.2) lib/puma/server.rb:476:in `process_client'
puma (3.12.2) lib/puma/server.rb:334:in `block in run'
puma (3.12.2) lib/puma/thread_pool.rb:135:in `block in spawn_thread'
Started GET "/" for ::1 at 2020-01-29 07:19:22 +0900
Processing by AudioController#index as HTML
  Rendering audio/index.html.slim within layouts/application
  [1m[36mAudio Load (0.7ms)[0m  [1m[34mSELECT "audios".* FROM "audios"[0m
  Rendered audio/index.html.slim within layouts/application (30.1ms)
Completed 500 Internal Server Error in 114ms (ActiveRecord: 1.0ms)


  
ActionView::Template::Error (SQLite3::SQLException: no such table: audios: SELECT "audios".* FROM "audios"):
    10:             / th created_at
    11:             / th updated_at
    12:     tbody
    13:         - @audios.each do |audio|
    14:             tr
    15:                 td = audio.id
    16:                 td = audio.name.nil? ? "名前なし" : audio.name
  
app/views/audio/index.html.slim:13:in `_app_views_audio_index_html_slim___1880008626626696053_70108297903420'
Started GET "/" for ::1 at 2020-01-29 07:19:25 +0900
Processing by AudioController#index as HTML
  Rendering audio/index.html.slim within layouts/application
  [1m[36mAudio Load (0.8ms)[0m  [1m[34mSELECT "audios".* FROM "audios"[0m
  Rendered audio/index.html.slim within layouts/application (9.8ms)
Completed 500 Internal Server Error in 22ms (ActiveRecord: 0.8ms)


  
ActionView::Template::Error (SQLite3::SQLException: no such table: audios: SELECT "audios".* FROM "audios"):
    10:             / th created_at
    11:             / th updated_at
    12:     tbody
    13:         - @audios.each do |audio|
    14:             tr
    15:                 td = audio.id
    16:                 td = audio.name.nil? ? "名前なし" : audio.name
  
app/views/audio/index.html.slim:13:in `_app_views_audio_index_html_slim___1880008626626696053_70108320674360'
Started GET "/" for ::1 at 2020-01-29 07:19:27 +0900
Processing by AudioController#index as HTML
  Rendering audio/index.html.slim within layouts/application
  [1m[36mAudio Load (0.9ms)[0m  [1m[34mSELECT "audios".* FROM "audios"[0m
  Rendered audio/index.html.slim within layouts/application (10.9ms)
Completed 500 Internal Server Error in 22ms (ActiveRecord: 0.9ms)


  
ActionView::Template::Error (SQLite3::SQLException: no such table: audios: SELECT "audios".* FROM "audios"):
    10:             / th created_at
    11:             / th updated_at
    12:     tbody
    13:         - @audios.each do |audio|
    14:             tr
    15:                 td = audio.id
    16:                 td = audio.name.nil? ? "名前なし" : audio.name
  
app/views/audio/index.html.slim:13:in `_app_views_audio_index_html_slim___1880008626626696053_70108320196620'
Started GET "/music/new" for ::1 at 2020-01-29 07:19:28 +0900
Processing by MusicController#new as HTML
  Rendering music/new.html.slim within layouts/application
  Rendered music/new.html.slim within layouts/application (24.7ms)
Completed 200 OK in 414ms (Views: 383.7ms | ActiveRecord: 1.9ms)


Started GET "/assets/application-cd96c51685a52375b4e21eeb967f212bababcd34f016beae0c9276d8356029a0.js" for ::1 at 2020-01-29 07:19:28 +0900
Started GET "/music/new" for ::1 at 2020-01-29 07:19:29 +0900
Processing by MusicController#new as HTML
  Rendering music/new.html.slim within layouts/application
  Rendered music/new.html.slim within layouts/application (14.9ms)
Completed 200 OK in 41ms (Views: 34.4ms | ActiveRecord: 0.0ms)


Started GET "/music/new" for ::1 at 2020-01-29 07:19:35 +0900
Processing by MusicController#new as HTML
  Rendering music/new.html.slim within layouts/application
  Rendered music/new.html.slim within layouts/application (7.3ms)
Completed 200 OK in 21ms (Views: 18.5ms | ActiveRecord: 0.0ms)


Started GET "/music" for ::1 at 2020-01-29 07:19:36 +0900
Processing by MusicController#index as HTML
  [1m[36mSong Load (0.6ms)[0m  [1m[34mSELECT  "songs".* FROM "songs" LIMIT ?[0m  [["LIMIT", 11]]
#<ActiveRecord::Relation []>
  Rendering music/index.html.slim within layouts/application
  [1m[36mSong Load (0.5ms)[0m  [1m[34mSELECT "songs".* FROM "songs"[0m
  Rendered music/index.html.slim within layouts/application (371.4ms)
Completed 500 Internal Server Error in 383ms (ActiveRecord: 1.0ms)


  
ActionView::Template::Error (undefined local variable or method `song' for #<#<Class:0x00007f86b8715318>:0x00007f86b737a768>):
    12:     tbody
    13:         tr
    14:             -@list.each do |song|
    15:             = song.methods
    16:                 td = song.id
    17:                 td = song[:name]
    18:                 td = song[:singer]
  
app/views/music/index.html.slim:15:in `_app_views_music_index_html_slim__333513304784791509_70108288112700'
Started GET "/music/new" for ::1 at 2020-01-29 07:19:39 +0900
Processing by MusicController#new as HTML
  Rendering music/new.html.slim within layouts/application
  Rendered music/new.html.slim within layouts/application (9.8ms)
Completed 200 OK in 26ms (Views: 23.1ms | ActiveRecord: 0.0ms)


Started GET "/" for ::1 at 2020-01-29 07:19:39 +0900
Processing by AudioController#index as HTML
  Rendering audio/index.html.slim within layouts/application
  [1m[36mAudio Load (0.6ms)[0m  [1m[34mSELECT "audios".* FROM "audios"[0m
  Rendered audio/index.html.slim within layouts/application (7.3ms)
Completed 500 Internal Server Error in 15ms (ActiveRecord: 0.6ms)


  
ActionView::Template::Error (SQLite3::SQLException: no such table: audios: SELECT "audios".* FROM "audios"):
    10:             / th created_at
    11:             / th updated_at
    12:     tbody
    13:         - @audios.each do |audio|
    14:             tr
    15:                 td = audio.id
    16:                 td = audio.name.nil? ? "名前なし" : audio.name
  
app/views/audio/index.html.slim:13:in `_app_views_audio_index_html_slim___1880008626626696053_70108287879920'
Started GET "/audio" for ::1 at 2020-01-29 07:19:40 +0900
Processing by AudioController#index as HTML
  Rendering audio/index.html.slim within layouts/application
  [1m[36mAudio Load (0.6ms)[0m  [1m[34mSELECT "audios".* FROM "audios"[0m
  Rendered audio/index.html.slim within layouts/application (7.4ms)
Completed 500 Internal Server Error in 15ms (ActiveRecord: 0.6ms)


  
ActionView::Template::Error (SQLite3::SQLException: no such table: audios: SELECT "audios".* FROM "audios"):
    10:             / th created_at
    11:             / th updated_at
    12:     tbody
    13:         - @audios.each do |audio|
    14:             tr
    15:                 td = audio.id
    16:                 td = audio.name.nil? ? "名前なし" : audio.name
  
app/views/audio/index.html.slim:13:in `_app_views_audio_index_html_slim___1880008626626696053_70108292353780'
Started GET "/audio" for ::1 at 2020-01-29 07:19:41 +0900
Processing by AudioController#index as HTML
  Rendering audio/index.html.slim within layouts/application
  [1m[36mAudio Load (0.7ms)[0m  [1m[34mSELECT "audios".* FROM "audios"[0m
  Rendered audio/index.html.slim within layouts/application (10.0ms)
Completed 500 Internal Server Error in 18ms (ActiveRecord: 0.7ms)


  
ActionView::Template::Error (SQLite3::SQLException: no such table: audios: SELECT "audios".* FROM "audios"):
    10:             / th created_at
    11:             / th updated_at
    12:     tbody
    13:         - @audios.each do |audio|
    14:             tr
    15:                 td = audio.id
    16:                 td = audio.name.nil? ? "名前なし" : audio.name
  
app/views/audio/index.html.slim:13:in `_app_views_audio_index_html_slim___1880008626626696053_70108337392540'
Started GET "/audio/new" for ::1 at 2020-01-29 07:20:59 +0900
Processing by AudioController#new as HTML
Completed 500 Internal Server Error in 72ms (ActiveRecord: 1.3ms)


  
ActiveRecord::StatementInvalid (Could not find table 'audios'):
  
app/controllers/audio_controller.rb:7:in `new'
Started GET "/audio/new" for ::1 at 2020-01-29 07:21:02 +0900
Processing by AudioController#new as HTML
Completed 500 Internal Server Error in 2ms (ActiveRecord: 0.3ms)


  
ActiveRecord::StatementInvalid (Could not find table 'audios'):
  
app/controllers/audio_controller.rb:7:in `new'
Started GET "/audio/new" for ::1 at 2020-01-29 07:21:38 +0900
Processing by AudioController#new as HTML
Completed 500 Internal Server Error in 78ms (ActiveRecord: 1.7ms)


  
ActiveRecord::StatementInvalid (Could not find table 'audios'):
  
app/controllers/audio_controller.rb:7:in `new'
  [1m[35m (0.3ms)[0m  [1m[34mSELECT "schema_migrations"."version" FROM "schema_migrations" ORDER BY "schema_migrations"."version" ASC[0m
Migrating to CreateAudios (20200114132951)
  [1m[35m (0.1ms)[0m  [1m[36mbegin transaction[0m
  [1m[35m (0.1ms)[0m  [1m[34mSELECT sqlite_version(*)[0m
  [1m[35m (0.5ms)[0m  [1m[35mCREATE TABLE "audios" ("id" integer PRIMARY KEY AUTOINCREMENT NOT NULL, "file" varchar, "created_at" datetime NOT NULL, "updated_at" datetime NOT NULL)[0m
  [1m[36mActiveRecord::SchemaMigration Create (0.2ms)[0m  [1m[32mINSERT INTO "schema_migrations" ("version") VALUES (?)[0m  [["version", "20200114132951"]]
  [1m[35m (1.5ms)[0m  [1m[36mcommit transaction[0m
Migrating to AddColumnsOnAudios (20200120132200)
  [1m[35m (0.1ms)[0m  [1m[36mbegin transaction[0m
  [1m[35m (0.6ms)[0m  [1m[35mALTER TABLE "audios" ADD "name" varchar[0m
  [1m[35m (0.2ms)[0m  [1m[35mALTER TABLE "audios" ADD "singer" varchar[0m
  [1m[35m (0.3ms)[0m  [1m[35mALTER TABLE "audios" ADD "note" varchar[0m
  [1m[35m (0.2ms)[0m  [1m[35mALTER TABLE "audios" ADD "url" varchar[0m
  [1m[35m (0.2ms)[0m  [1m[35mALTER TABLE "audios" ADD "category" varchar[0m
  [1m[36mActiveRecord::SchemaMigration Create (0.2ms)[0m  [1m[32mINSERT INTO "schema_migrations" ("version") VALUES (?)[0m  [["version", "20200120132200"]]
  [1m[35m (1.1ms)[0m  [1m[36mcommit transaction[0m
  [1m[36mActiveRecord::InternalMetadata Load (0.2ms)[0m  [1m[34mSELECT  "ar_internal_metadata".* FROM "ar_internal_metadata" WHERE "ar_internal_metadata"."key" = ? LIMIT ?[0m  [["key", "environment"], ["LIMIT", 1]]
  [1m[35m (0.1ms)[0m  [1m[36mbegin transaction[0m
  [1m[35m (0.0ms)[0m  [1m[36mcommit transaction[0m
  [1m[35m (0.1ms)[0m  [1m[34mSELECT "schema_migrations"."version" FROM "schema_migrations" ORDER BY "schema_migrations"."version" ASC[0m
Started GET "/audio/new" for ::1 at 2020-01-29 07:23:03 +0900
Processing by AudioController#new as HTML
  Rendering audio/new.html.slim within layouts/application
  Rendered audio/new.html.slim within layouts/application (36.1ms)
Completed 200 OK in 356ms (Views: 266.9ms | ActiveRecord: 2.2ms)


Started POST "/audio/" for ::1 at 2020-01-29 10:03:57 +0900
Processing by AudioController#create as HTML
  Parameters: {"utf8"=>"✓", "authenticity_token"=>"ksCkjeg3KwPZkIZVGmDad45jpWYnJr0797msV4gJoxWch4m9P7PjUTWsSWzWCiS+bHGR8b2XCzvyewYpfO+FtQ==", "audio"=>{"name"=>"テスト写真", "singer"=>"", "note"=>"", "url"=>"", "file"=>#<ActionDispatch::Http::UploadedFile:0x00007fca35a55558 @tempfile=#<Tempfile:/var/folders/r9/k6b22pxj5r93nc0q0wxwzb5c0000gn/T/RackMultipart20200129-16641-iyn1d9.jpg>, @original_filename="高野麻里佳.jpg", @content_type="image/jpeg", @headers="Content-Disposition: form-data; name=\"audio[file]\"; filename=\"\xE9\xAB\x98\xE9\x87\x8E\xE9\xBA\xBB\xE9\x87\x8C\xE4\xBD\xB3.jpg\"\r\nContent-Type: image/jpeg\r\n">, "category"=>""}, "commit"=>"Save Audio"}
  [1m[35m (0.1ms)[0m  [1m[36mbegin transaction[0m
  [1m[36mAudio Create (0.5ms)[0m  [1m[32mINSERT INTO "audios" ("file", "created_at", "updated_at", "name", "singer", "note", "url", "category") VALUES (?, ?, ?, ?, ?, ?, ?, ?)[0m  [["file", "高野麻里佳.jpg"], ["created_at", "2020-01-29 01:03:57.883942"], ["updated_at", "2020-01-29 01:03:57.883942"], ["name", "テスト写真"], ["singer", ""], ["note", ""], ["url", ""], ["category", ""]]
  [1m[35m (1.3ms)[0m  [1m[36mcommit transaction[0m
Redirected to http://localhost:3000/audio
Completed 302 Found in 108ms (ActiveRecord: 4.1ms)


Started GET "/audio" for ::1 at 2020-01-29 10:03:57 +0900
Processing by AudioController#index as HTML
  Rendering audio/index.html.slim within layouts/application
  [1m[36mAudio Load (0.3ms)[0m  [1m[34mSELECT "audios".* FROM "audios"[0m
  Rendered audio/index.html.slim within layouts/application (19.1ms)
Completed 200 OK in 258ms (Views: 253.5ms | ActiveRecord: 0.3ms)


Started GET "/audio" for ::1 at 2020-01-31 05:10:50 +0900
Processing by AudioController#index as HTML
  Rendering audio/index.html.slim within layouts/application
  [1m[36mAudio Load (2.4ms)[0m  [1m[34mSELECT "audios".* FROM "audios"[0m
  Rendered audio/index.html.slim within layouts/application (49.3ms)
Completed 200 OK in 363ms (Views: 284.3ms | ActiveRecord: 4.2ms)


